This file contains any messages produced by compilers while
running configure, to aid debugging if configure makes a mistake.

It was created by libgraph configure 1.0.2, which was
generated by GNU Autoconf 2.59.  Invocation command line was

  $ ./configure 

## --------- ##
## Platform. ##
## --------- ##

hostname = source-code
uname -m = i686
uname -r = 2.6.32-21-generic
uname -s = Linux
uname -v = #32-Ubuntu SMP Fri Apr 16 08:10:02 UTC 2010

/usr/bin/uname -p = unknown
/bin/uname -X     = unknown

/bin/arch              = unknown
/usr/bin/arch -k       = unknown
/usr/convex/getsysinfo = unknown
hostinfo               = unknown
/bin/machine           = unknown
/usr/bin/oslevel       = unknown
/bin/universe          = unknown

PATH: /usr/local/sbin
PATH: /usr/local/bin
PATH: /usr/sbin
PATH: /usr/bin
PATH: /sbin
PATH: /bin
PATH: /usr/games


## ----------- ##
## Core tests. ##
## ----------- ##

configure:1551: checking build system type
configure:1569: result: i686-pc-linux-gnu
configure:1577: checking host system type
configure:1591: result: i686-pc-linux-gnu
configure:1599: checking target system type
configure:1613: result: i686-pc-linux-gnu
configure:1644: checking for a BSD-compatible install
configure:1699: result: /usr/bin/install -c
configure:1710: checking whether build environment is sane
configure:1753: result: yes
configure:1810: checking for gawk
configure:1826: found /usr/bin/gawk
configure:1836: result: gawk
configure:1846: checking whether make sets $(MAKE)
configure:1866: result: yes
configure:2030: checking whether to enable maintainer-specific portions of Makefiles
configure:2039: result: no
configure:2102: checking for gcc
configure:2118: found /usr/bin/gcc
configure:2128: result: gcc
configure:2372: checking for C compiler version
configure:2375: gcc --version </dev/null >&5
gcc (Ubuntu 4.4.3-4ubuntu5) 4.4.3
Copyright (C) 2009 Free Software Foundation, Inc.
This is free software; see the source for copying conditions.  There is NO
warranty; not even for MERCHANTABILITY or FITNESS FOR A PARTICULAR PURPOSE.

configure:2378: $? = 0
configure:2380: gcc -v </dev/null >&5
Using built-in specs.
Target: i486-linux-gnu
Configured with: ../src/configure -v --with-pkgversion='Ubuntu 4.4.3-4ubuntu5' --with-bugurl=file:///usr/share/doc/gcc-4.4/README.Bugs --enable-languages=c,c++,fortran,objc,obj-c++ --prefix=/usr --enable-shared --enable-multiarch --enable-linker-build-id --with-system-zlib --libexecdir=/usr/lib --without-included-gettext --enable-threads=posix --with-gxx-include-dir=/usr/include/c++/4.4 --program-suffix=-4.4 --enable-nls --enable-clocale=gnu --enable-libstdcxx-debug --enable-plugin --enable-objc-gc --enable-targets=all --disable-werror --with-arch-32=i486 --with-tune=generic --enable-checking=release --build=i486-linux-gnu --host=i486-linux-gnu --target=i486-linux-gnu
Thread model: posix
gcc version 4.4.3 (Ubuntu 4.4.3-4ubuntu5) 
configure:2383: $? = 0
configure:2385: gcc -V </dev/null >&5
gcc: '-V' option must have argument
configure:2388: $? = 1
configure:2411: checking for C compiler default output file name
configure:2414: gcc    conftest.c  >&5
configure:2417: $? = 0
configure:2463: result: a.out
configure:2468: checking whether the C compiler works
configure:2474: ./a.out
configure:2477: $? = 0
configure:2494: result: yes
configure:2501: checking whether we are cross compiling
configure:2503: result: no
configure:2506: checking for suffix of executables
configure:2508: gcc -o conftest    conftest.c  >&5
configure:2511: $? = 0
configure:2536: result: 
configure:2542: checking for suffix of object files
configure:2563: gcc -c   conftest.c >&5
configure:2566: $? = 0
configure:2588: result: o
configure:2592: checking whether we are using the GNU C compiler
configure:2616: gcc -c   conftest.c >&5
configure:2622: $? = 0
configure:2625: test -z 			 || test ! -s conftest.err
configure:2628: $? = 0
configure:2631: test -s conftest.o
configure:2634: $? = 0
configure:2647: result: yes
configure:2653: checking whether gcc accepts -g
configure:2674: gcc -c -g  conftest.c >&5
configure:2680: $? = 0
configure:2683: test -z 			 || test ! -s conftest.err
configure:2686: $? = 0
configure:2689: test -s conftest.o
configure:2692: $? = 0
configure:2703: result: yes
configure:2720: checking for gcc option to accept ANSI C
configure:2790: gcc  -c -g -O2  conftest.c >&5
configure:2796: $? = 0
configure:2799: test -z 			 || test ! -s conftest.err
configure:2802: $? = 0
configure:2805: test -s conftest.o
configure:2808: $? = 0
configure:2826: result: none needed
configure:2844: gcc -c -g -O2  conftest.c >&5
conftest.c:2: error: expected '=', ',', ';', 'asm' or '__attribute__' before 'me'
configure:2850: $? = 1
configure: failed program was:
| #ifndef __cplusplus
|   choke me
| #endif
configure:2991: checking for style of include used by make
configure:3019: result: GNU
configure:3047: checking dependency style of gcc
configure:3137: result: gcc3
configure:3159: checking how to run the C preprocessor
configure:3194: gcc -E  conftest.c
configure:3200: $? = 0
configure:3232: gcc -E  conftest.c
conftest.c:11:28: error: ac_nonexistent.h: No such file or directory
configure:3238: $? = 1
configure: failed program was:
| /* confdefs.h.  */
| 
| #define PACKAGE_NAME "libgraph"
| #define PACKAGE_TARNAME "libgraph"
| #define PACKAGE_VERSION "1.0.2"
| #define PACKAGE_STRING "libgraph 1.0.2"
| #define PACKAGE_BUGREPORT "faraz_ms@rediffmail.com"
| #define PACKAGE "libgraph"
| #define VERSION "1.0.2"
| /* end confdefs.h.  */
| #include <ac_nonexistent.h>
configure:3277: result: gcc -E
configure:3301: gcc -E  conftest.c
configure:3307: $? = 0
configure:3339: gcc -E  conftest.c
conftest.c:11:28: error: ac_nonexistent.h: No such file or directory
configure:3345: $? = 1
configure: failed program was:
| /* confdefs.h.  */
| 
| #define PACKAGE_NAME "libgraph"
| #define PACKAGE_TARNAME "libgraph"
| #define PACKAGE_VERSION "1.0.2"
| #define PACKAGE_STRING "libgraph 1.0.2"
| #define PACKAGE_BUGREPORT "faraz_ms@rediffmail.com"
| #define PACKAGE "libgraph"
| #define VERSION "1.0.2"
| /* end confdefs.h.  */
| #include <ac_nonexistent.h>
configure:3401: checking for a BSD-compatible install
configure:3456: result: /usr/bin/install -c
configure:3467: checking whether ln -s works
configure:3471: result: yes
configure:3478: checking whether make sets $(MAKE)
configure:3498: result: yes
configure:3579: checking for a sed that does not truncate output
configure:3633: result: /bin/sed
configure:3636: checking for egrep
configure:3646: result: grep -E
configure:3662: checking for ld used by gcc
configure:3729: result: /usr/bin/ld
configure:3738: checking if the linker (/usr/bin/ld) is GNU ld
configure:3753: result: yes
configure:3758: checking for /usr/bin/ld option to reload object files
configure:3765: result: -r
configure:3774: checking for BSD-compatible nm
configure:3816: result: /usr/bin/nm -B
configure:3820: checking how to recognise dependent libraries
configure:3994: result: pass_all
configure:4203: checking for ANSI C header files
configure:4228: gcc -c -g -O2  conftest.c >&5
configure:4234: $? = 0
configure:4237: test -z 			 || test ! -s conftest.err
configure:4240: $? = 0
configure:4243: test -s conftest.o
configure:4246: $? = 0
configure:4335: gcc -o conftest -g -O2   conftest.c  >&5
conftest.c: In function 'main':
conftest.c:28: warning: incompatible implicit declaration of built-in function 'exit'
configure:4338: $? = 0
configure:4340: ./conftest
configure:4343: $? = 0
configure:4358: result: yes
configure:4382: checking for sys/types.h
configure:4398: gcc -c -g -O2  conftest.c >&5
configure:4404: $? = 0
configure:4407: test -z 			 || test ! -s conftest.err
configure:4410: $? = 0
configure:4413: test -s conftest.o
configure:4416: $? = 0
configure:4427: result: yes
configure:4382: checking for sys/stat.h
configure:4398: gcc -c -g -O2  conftest.c >&5
configure:4404: $? = 0
configure:4407: test -z 			 || test ! -s conftest.err
configure:4410: $? = 0
configure:4413: test -s conftest.o
configure:4416: $? = 0
configure:4427: result: yes
configure:4382: checking for stdlib.h
configure:4398: gcc -c -g -O2  conftest.c >&5
configure:4404: $? = 0
configure:4407: test -z 			 || test ! -s conftest.err
configure:4410: $? = 0
configure:4413: test -s conftest.o
configure:4416: $? = 0
configure:4427: result: yes
configure:4382: checking for string.h
configure:4398: gcc -c -g -O2  conftest.c >&5
configure:4404: $? = 0
configure:4407: test -z 			 || test ! -s conftest.err
configure:4410: $? = 0
configure:4413: test -s conftest.o
configure:4416: $? = 0
configure:4427: result: yes
configure:4382: checking for memory.h
configure:4398: gcc -c -g -O2  conftest.c >&5
configure:4404: $? = 0
configure:4407: test -z 			 || test ! -s conftest.err
configure:4410: $? = 0
configure:4413: test -s conftest.o
configure:4416: $? = 0
configure:4427: result: yes
configure:4382: checking for strings.h
configure:4398: gcc -c -g -O2  conftest.c >&5
configure:4404: $? = 0
configure:4407: test -z 			 || test ! -s conftest.err
configure:4410: $? = 0
configure:4413: test -s conftest.o
configure:4416: $? = 0
configure:4427: result: yes
configure:4382: checking for inttypes.h
configure:4398: gcc -c -g -O2  conftest.c >&5
configure:4404: $? = 0
configure:4407: test -z 			 || test ! -s conftest.err
configure:4410: $? = 0
configure:4413: test -s conftest.o
configure:4416: $? = 0
configure:4427: result: yes
configure:4382: checking for stdint.h
configure:4398: gcc -c -g -O2  conftest.c >&5
configure:4404: $? = 0
configure:4407: test -z 			 || test ! -s conftest.err
configure:4410: $? = 0
configure:4413: test -s conftest.o
configure:4416: $? = 0
configure:4427: result: yes
configure:4382: checking for unistd.h
configure:4398: gcc -c -g -O2  conftest.c >&5
configure:4404: $? = 0
configure:4407: test -z 			 || test ! -s conftest.err
configure:4410: $? = 0
configure:4413: test -s conftest.o
configure:4416: $? = 0
configure:4427: result: yes
configure:4453: checking dlfcn.h usability
configure:4465: gcc -c -g -O2  conftest.c >&5
configure:4471: $? = 0
configure:4474: test -z 			 || test ! -s conftest.err
configure:4477: $? = 0
configure:4480: test -s conftest.o
configure:4483: $? = 0
configure:4493: result: yes
configure:4497: checking dlfcn.h presence
configure:4507: gcc -E  conftest.c
configure:4513: $? = 0
configure:4533: result: yes
configure:4568: checking for dlfcn.h
configure:4575: result: yes
configure:4640: checking for g++
configure:4656: found /usr/bin/g++
configure:4666: result: g++
configure:4682: checking for C++ compiler version
configure:4685: g++ --version </dev/null >&5
g++ (Ubuntu 4.4.3-4ubuntu5) 4.4.3
Copyright (C) 2009 Free Software Foundation, Inc.
This is free software; see the source for copying conditions.  There is NO
warranty; not even for MERCHANTABILITY or FITNESS FOR A PARTICULAR PURPOSE.

configure:4688: $? = 0
configure:4690: g++ -v </dev/null >&5
Using built-in specs.
Target: i486-linux-gnu
Configured with: ../src/configure -v --with-pkgversion='Ubuntu 4.4.3-4ubuntu5' --with-bugurl=file:///usr/share/doc/gcc-4.4/README.Bugs --enable-languages=c,c++,fortran,objc,obj-c++ --prefix=/usr --enable-shared --enable-multiarch --enable-linker-build-id --with-system-zlib --libexecdir=/usr/lib --without-included-gettext --enable-threads=posix --with-gxx-include-dir=/usr/include/c++/4.4 --program-suffix=-4.4 --enable-nls --enable-clocale=gnu --enable-libstdcxx-debug --enable-plugin --enable-objc-gc --enable-targets=all --disable-werror --with-arch-32=i486 --with-tune=generic --enable-checking=release --build=i486-linux-gnu --host=i486-linux-gnu --target=i486-linux-gnu
Thread model: posix
gcc version 4.4.3 (Ubuntu 4.4.3-4ubuntu5) 
configure:4693: $? = 0
configure:4695: g++ -V </dev/null >&5
g++: '-V' option must have argument
configure:4698: $? = 1
configure:4701: checking whether we are using the GNU C++ compiler
configure:4725: g++ -c   conftest.cc >&5
configure:4731: $? = 0
configure:4734: test -z 			 || test ! -s conftest.err
configure:4737: $? = 0
configure:4740: test -s conftest.o
configure:4743: $? = 0
configure:4756: result: yes
configure:4762: checking whether g++ accepts -g
configure:4783: g++ -c -g  conftest.cc >&5
configure:4789: $? = 0
configure:4792: test -z 			 || test ! -s conftest.err
configure:4795: $? = 0
configure:4798: test -s conftest.o
configure:4801: $? = 0
configure:4812: result: yes
configure:4854: g++ -c -g -O2  conftest.cc >&5
configure:4860: $? = 0
configure:4863: test -z 			 || test ! -s conftest.err
configure:4866: $? = 0
configure:4869: test -s conftest.o
configure:4872: $? = 0
configure:4898: g++ -c -g -O2  conftest.cc >&5
conftest.cc: In function 'int main()':
conftest.cc:26: error: 'exit' was not declared in this scope
configure:4904: $? = 1
configure: failed program was:
| /* confdefs.h.  */
| 
| #define PACKAGE_NAME "libgraph"
| #define PACKAGE_TARNAME "libgraph"
| #define PACKAGE_VERSION "1.0.2"
| #define PACKAGE_STRING "libgraph 1.0.2"
| #define PACKAGE_BUGREPORT "faraz_ms@rediffmail.com"
| #define PACKAGE "libgraph"
| #define VERSION "1.0.2"
| #define STDC_HEADERS 1
| #define HAVE_SYS_TYPES_H 1
| #define HAVE_SYS_STAT_H 1
| #define HAVE_STDLIB_H 1
| #define HAVE_STRING_H 1
| #define HAVE_MEMORY_H 1
| #define HAVE_STRINGS_H 1
| #define HAVE_INTTYPES_H 1
| #define HAVE_STDINT_H 1
| #define HAVE_UNISTD_H 1
| #define HAVE_DLFCN_H 1
| /* end confdefs.h.  */
| 
| int
| main ()
| {
| exit (42);
|   ;
|   return 0;
| }
configure:4854: g++ -c -g -O2  conftest.cc >&5
conftest.cc:22: error: 'void std::exit(int)' should have been declared inside 'std'
configure:4860: $? = 1
configure: failed program was:
| /* confdefs.h.  */
| 
| #define PACKAGE_NAME "libgraph"
| #define PACKAGE_TARNAME "libgraph"
| #define PACKAGE_VERSION "1.0.2"
| #define PACKAGE_STRING "libgraph 1.0.2"
| #define PACKAGE_BUGREPORT "faraz_ms@rediffmail.com"
| #define PACKAGE "libgraph"
| #define VERSION "1.0.2"
| #define STDC_HEADERS 1
| #define HAVE_SYS_TYPES_H 1
| #define HAVE_SYS_STAT_H 1
| #define HAVE_STDLIB_H 1
| #define HAVE_STRING_H 1
| #define HAVE_MEMORY_H 1
| #define HAVE_STRINGS_H 1
| #define HAVE_INTTYPES_H 1
| #define HAVE_STDINT_H 1
| #define HAVE_UNISTD_H 1
| #define HAVE_DLFCN_H 1
| /* end confdefs.h.  */
| extern "C" void std::exit (int) throw (); using std::exit;
| #include <stdlib.h>
| int
| main ()
| {
| exit (42);
|   ;
|   return 0;
| }
configure:4854: g++ -c -g -O2  conftest.cc >&5
conftest.cc:22: error: 'void std::exit(int)' should have been declared inside 'std'
In file included from conftest.cc:23:
/usr/include/stdlib.h:543: error: declaration of 'void std::exit(int) throw ()' throws different exceptions
conftest.cc:22: error: from previous declaration 'void std::exit(int)'
configure:4860: $? = 1
configure: failed program was:
| /* confdefs.h.  */
| 
| #define PACKAGE_NAME "libgraph"
| #define PACKAGE_TARNAME "libgraph"
| #define PACKAGE_VERSION "1.0.2"
| #define PACKAGE_STRING "libgraph 1.0.2"
| #define PACKAGE_BUGREPORT "faraz_ms@rediffmail.com"
| #define PACKAGE "libgraph"
| #define VERSION "1.0.2"
| #define STDC_HEADERS 1
| #define HAVE_SYS_TYPES_H 1
| #define HAVE_SYS_STAT_H 1
| #define HAVE_STDLIB_H 1
| #define HAVE_STRING_H 1
| #define HAVE_MEMORY_H 1
| #define HAVE_STRINGS_H 1
| #define HAVE_INTTYPES_H 1
| #define HAVE_STDINT_H 1
| #define HAVE_UNISTD_H 1
| #define HAVE_DLFCN_H 1
| /* end confdefs.h.  */
| extern "C" void std::exit (int); using std::exit;
| #include <stdlib.h>
| int
| main ()
| {
| exit (42);
|   ;
|   return 0;
| }
configure:4854: g++ -c -g -O2  conftest.cc >&5
configure:4860: $? = 0
configure:4863: test -z 			 || test ! -s conftest.err
configure:4866: $? = 0
configure:4869: test -s conftest.o
configure:4872: $? = 0
configure:4898: g++ -c -g -O2  conftest.cc >&5
configure:4904: $? = 0
configure:4907: test -z 			 || test ! -s conftest.err
configure:4910: $? = 0
configure:4913: test -s conftest.o
configure:4916: $? = 0
configure:4941: checking dependency style of g++
configure:5031: result: gcc3
configure:5053: checking how to run the C++ preprocessor
configure:5084: g++ -E  conftest.cc
configure:5090: $? = 0
configure:5122: g++ -E  conftest.cc
conftest.cc:25:28: error: ac_nonexistent.h: No such file or directory
configure:5128: $? = 1
configure: failed program was:
| /* confdefs.h.  */
| 
| #define PACKAGE_NAME "libgraph"
| #define PACKAGE_TARNAME "libgraph"
| #define PACKAGE_VERSION "1.0.2"
| #define PACKAGE_STRING "libgraph 1.0.2"
| #define PACKAGE_BUGREPORT "faraz_ms@rediffmail.com"
| #define PACKAGE "libgraph"
| #define VERSION "1.0.2"
| #define STDC_HEADERS 1
| #define HAVE_SYS_TYPES_H 1
| #define HAVE_SYS_STAT_H 1
| #define HAVE_STDLIB_H 1
| #define HAVE_STRING_H 1
| #define HAVE_MEMORY_H 1
| #define HAVE_STRINGS_H 1
| #define HAVE_INTTYPES_H 1
| #define HAVE_STDINT_H 1
| #define HAVE_UNISTD_H 1
| #define HAVE_DLFCN_H 1
| #ifdef __cplusplus
| extern "C" void exit (int) throw ();
| #endif
| /* end confdefs.h.  */
| #include <ac_nonexistent.h>
configure:5167: result: g++ -E
configure:5191: g++ -E  conftest.cc
configure:5197: $? = 0
configure:5229: g++ -E  conftest.cc
conftest.cc:25:28: error: ac_nonexistent.h: No such file or directory
configure:5235: $? = 1
configure: failed program was:
| /* confdefs.h.  */
| 
| #define PACKAGE_NAME "libgraph"
| #define PACKAGE_TARNAME "libgraph"
| #define PACKAGE_VERSION "1.0.2"
| #define PACKAGE_STRING "libgraph 1.0.2"
| #define PACKAGE_BUGREPORT "faraz_ms@rediffmail.com"
| #define PACKAGE "libgraph"
| #define VERSION "1.0.2"
| #define STDC_HEADERS 1
| #define HAVE_SYS_TYPES_H 1
| #define HAVE_SYS_STAT_H 1
| #define HAVE_STDLIB_H 1
| #define HAVE_STRING_H 1
| #define HAVE_MEMORY_H 1
| #define HAVE_STRINGS_H 1
| #define HAVE_INTTYPES_H 1
| #define HAVE_STDINT_H 1
| #define HAVE_UNISTD_H 1
| #define HAVE_DLFCN_H 1
| #ifdef __cplusplus
| extern "C" void exit (int) throw ();
| #endif
| /* end confdefs.h.  */
| #include <ac_nonexistent.h>
configure:5330: checking for g77
configure:5359: result: no
configure:5330: checking for f77
configure:5359: result: no
configure:5330: checking for xlf
configure:5359: result: no
configure:5330: checking for frt
configure:5359: result: no
configure:5330: checking for pgf77
configure:5359: result: no
configure:5330: checking for fort77
configure:5359: result: no
configure:5330: checking for fl32
configure:5359: result: no
configure:5330: checking for af77
configure:5359: result: no
configure:5330: checking for f90
configure:5359: result: no
configure:5330: checking for xlf90
configure:5359: result: no
configure:5330: checking for pgf90
configure:5359: result: no
configure:5330: checking for epcf90
configure:5359: result: no
configure:5330: checking for f95
configure:5359: result: no
configure:5330: checking for fort
configure:5359: result: no
configure:5330: checking for xlf95
configure:5359: result: no
configure:5330: checking for ifc
configure:5359: result: no
configure:5330: checking for efc
configure:5359: result: no
configure:5330: checking for pgf95
configure:5359: result: no
configure:5330: checking for lf95
configure:5359: result: no
configure:5330: checking for gfortran
configure:5359: result: no
configure:5371: checking for Fortran 77 compiler version
configure:5374:  --version </dev/null >&5
./configure: line 5375: --version: command not found
configure:5377: $? = 127
configure:5379:  -v </dev/null >&5
./configure: line 5380: -v: command not found
configure:5382: $? = 127
configure:5384:  -V </dev/null >&5
./configure: line 5385: -V: command not found
configure:5387: $? = 127
configure:5395: checking whether we are using the GNU Fortran 77 compiler
configure:5409:  -c  conftest.F >&5
./configure: line 5410: -c: command not found
configure:5415: $? = 127
configure: failed program was:
|       program main
| #ifndef __GNUC__
|        choke me
| #endif
| 
|       end
configure:5440: result: no
configure:5446: checking whether  accepts -g
configure:5458:  -c -g conftest.f >&5
./configure: line 5459: -c: command not found
configure:5464: $? = 127
configure: failed program was:
|       program main
| 
|       end
configure:5488: result: no
configure:5518: checking the maximum length of command line arguments
configure:5583: result: 32768
configure:5594: checking command to parse /usr/bin/nm -B output from gcc object
configure:5683: gcc -c -g -O2  conftest.c >&5
configure:5686: $? = 0
configure:5690: /usr/bin/nm -B conftest.o \| sed -n -e 's/^.*[ 	]\([ABCDGIRSTW][ABCDGIRSTW]*\)[ 	][ 	]*\(\)\([_A-Za-z][_A-Za-z0-9]*\)$/\1 \2\3 \3/p' \> conftest.nm
configure:5693: $? = 0
configure:5745: gcc -o conftest -g -O2   conftest.c conftstm.o >&5
configure:5748: $? = 0
configure:5786: result: ok
configure:5790: checking for objdir
configure:5805: result: .libs
configure:5895: checking for ar
configure:5911: found /usr/bin/ar
configure:5922: result: ar
configure:5975: checking for ranlib
configure:5991: found /usr/bin/ranlib
configure:6002: result: ranlib
configure:6055: checking for strip
configure:6071: found /usr/bin/strip
configure:6082: result: strip
configure:6344: checking if gcc static flag  works
configure:6367: result: yes
configure:6385: checking if gcc supports -fno-rtti -fno-exceptions
configure:6403: gcc -c -g -O2  -fno-rtti -fno-exceptions conftest.c >&5
cc1: warning: command line option "-fno-rtti" is valid for C++/ObjC++ but not for C
configure:6407: $? = 0
configure:6418: result: no
configure:6433: checking for gcc option to produce PIC
configure:6610: result: -fPIC
configure:6618: checking if gcc PIC flag -fPIC works
configure:6636: gcc -c -g -O2  -fPIC -DPIC conftest.c >&5
configure:6640: $? = 0
configure:6651: result: yes
configure:6675: checking if gcc supports -c -o file.o
configure:6696: gcc -c -g -O2  -o out/conftest2.o conftest.c >&5
configure:6700: $? = 0
configure:6720: result: yes
configure:6746: checking whether the gcc linker (/usr/bin/ld) supports shared libraries
configure:7593: result: yes
configure:7619: checking whether -lc should be explicitly linked in
configure:7624: gcc -c -g -O2  conftest.c >&5
configure:7627: $? = 0
configure:7641: gcc -shared conftest.o  -v -Wl,-soname -Wl,conftest -o conftest 2\>\&1 \| grep  -lc  \>/dev/null 2\>\&1
configure:7644: $? = 0
configure:7656: result: no
configure:7664: checking dynamic linker characteristics
configure:8216: result: GNU/Linux ld.so
configure:8220: checking how to hardcode library paths into programs
configure:8245: result: immediate
configure:8259: checking whether stripping libraries is possible
configure:8264: result: yes
configure:9087: checking if libtool supports shared libraries
configure:9089: result: yes
configure:9092: checking whether to build shared libraries
configure:9150: result: yes
configure:9153: checking whether to build static libraries
configure:9157: result: yes
configure:9249: creating libtool
configure:9796: checking for ld used by g++
configure:9863: result: /usr/bin/ld
configure:9872: checking if the linker (/usr/bin/ld) is GNU ld
configure:9887: result: yes
configure:9938: checking whether the g++ linker (/usr/bin/ld) supports shared libraries
configure:10764: result: yes
configure:10782: g++ -c -g -O2  conftest.cc >&5
configure:10785: $? = 0
configure:10881: checking for g++ option to produce PIC
configure:11133: result: -fPIC
configure:11141: checking if g++ PIC flag -fPIC works
configure:11159: g++ -c -g -O2  -fPIC -DPIC conftest.cc >&5
configure:11163: $? = 0
configure:11174: result: yes
configure:11198: checking if g++ supports -c -o file.o
configure:11219: g++ -c -g -O2  -o out/conftest2.o conftest.cc >&5
configure:11223: $? = 0
configure:11243: result: yes
configure:11269: checking whether the g++ linker (/usr/bin/ld) supports shared libraries
configure:11297: result: yes
configure:11368: checking dynamic linker characteristics
configure:11920: result: GNU/Linux ld.so
configure:11924: checking how to hardcode library paths into programs
configure:11949: result: immediate
configure:11963: checking whether stripping libraries is possible
configure:11968: result: yes
configure:19215: checking for gawk
configure:19241: result: gawk
configure:19295: checking for sdl-config
configure:19313: found /usr/bin/sdl-config
configure:19326: result: /usr/bin/sdl-config
configure:19334: checking for SDL - version >= 1.2.0
configure:19426: gcc -o conftest -g -O2 -I/usr/include/SDL -D_GNU_SOURCE=1 -D_REENTRANT   conftest.c  -L/usr/lib -lSDL >&5
configure:19429: $? = 0
configure:19431: ./conftest
configure:19434: $? = 0
configure:19452: result: yes
configure:19554: checking SDL  ==>  SDL_image library
configure:19578: result: SDL_image = yes
configure:19635: checking for Guile
configure:19647: result: yes
configure:19658: checking for rint in -lm
configure:19688: gcc -o conftest -g -O2 -I/usr/include/SDL -D_GNU_SOURCE=1 -D_REENTRANT   conftest.c -lm  -lSDL_image -L/usr/lib -lSDL  >&5
conftest.c:32: warning: conflicting types for built-in function 'rint'
configure:19694: $? = 0
configure:19697: test -z 			 || test ! -s conftest.err
configure:19700: $? = 0
configure:19703: test -s conftest
configure:19706: $? = 0
configure:19719: result: yes
configure:19732: checking for ANSI C header files
configure:19887: result: yes
configure:19915: checking fcntl.h usability
configure:19927: gcc -c -g -O2 -I/usr/include/SDL -D_GNU_SOURCE=1 -D_REENTRANT  conftest.c >&5
configure:19933: $? = 0
configure:19936: test -z 			 || test ! -s conftest.err
configure:19939: $? = 0
configure:19942: test -s conftest.o
configure:19945: $? = 0
configure:19955: result: yes
configure:19959: checking fcntl.h presence
configure:19969: gcc -E  conftest.c
configure:19975: $? = 0
configure:19995: result: yes
configure:20030: checking for fcntl.h
configure:20037: result: yes
configure:19906: checking for stdlib.h
configure:19911: result: yes
configure:19906: checking for string.h
configure:19911: result: yes
configure:19915: checking termios.h usability
configure:19927: gcc -c -g -O2 -I/usr/include/SDL -D_GNU_SOURCE=1 -D_REENTRANT  conftest.c >&5
configure:19933: $? = 0
configure:19936: test -z 			 || test ! -s conftest.err
configure:19939: $? = 0
configure:19942: test -s conftest.o
configure:19945: $? = 0
configure:19955: result: yes
configure:19959: checking termios.h presence
configure:19969: gcc -E  conftest.c
configure:19975: $? = 0
configure:19995: result: yes
configure:20030: checking for termios.h
configure:20037: result: yes
configure:19906: checking for unistd.h
configure:19911: result: yes
configure:20052: checking for an ANSI C-conforming const
configure:20119: gcc -c -g -O2 -I/usr/include/SDL -D_GNU_SOURCE=1 -D_REENTRANT  conftest.c >&5
configure:20125: $? = 0
configure:20128: test -z 			 || test ! -s conftest.err
configure:20131: $? = 0
configure:20134: test -s conftest.o
configure:20137: $? = 0
configure:20148: result: yes
configure:20158: checking for pid_t
configure:20182: gcc -c -g -O2 -I/usr/include/SDL -D_GNU_SOURCE=1 -D_REENTRANT  conftest.c >&5
configure:20188: $? = 0
configure:20191: test -z 			 || test ! -s conftest.err
configure:20194: $? = 0
configure:20197: test -s conftest.o
configure:20200: $? = 0
configure:20211: result: yes
configure:20231: checking for unistd.h
configure:20236: result: yes
configure:20240: checking vfork.h usability
configure:20252: gcc -c -g -O2 -I/usr/include/SDL -D_GNU_SOURCE=1 -D_REENTRANT  conftest.c >&5
conftest.c:67:19: error: vfork.h: No such file or directory
configure:20258: $? = 1
configure: failed program was:
| /* confdefs.h.  */
| 
| #define PACKAGE_NAME "libgraph"
| #define PACKAGE_TARNAME "libgraph"
| #define PACKAGE_VERSION "1.0.2"
| #define PACKAGE_STRING "libgraph 1.0.2"
| #define PACKAGE_BUGREPORT "faraz_ms@rediffmail.com"
| #define PACKAGE "libgraph"
| #define VERSION "1.0.2"
| #define STDC_HEADERS 1
| #define HAVE_SYS_TYPES_H 1
| #define HAVE_SYS_STAT_H 1
| #define HAVE_STDLIB_H 1
| #define HAVE_STRING_H 1
| #define HAVE_MEMORY_H 1
| #define HAVE_STRINGS_H 1
| #define HAVE_INTTYPES_H 1
| #define HAVE_STDINT_H 1
| #define HAVE_UNISTD_H 1
| #define HAVE_DLFCN_H 1
| #ifdef __cplusplus
| extern "C" void exit (int) throw ();
| #endif
| #define HAVE_LIBM 1
| #define STDC_HEADERS 1
| #define HAVE_FCNTL_H 1
| #define HAVE_STDLIB_H 1
| #define HAVE_STRING_H 1
| #define HAVE_TERMIOS_H 1
| #define HAVE_UNISTD_H 1
| #define HAVE_UNISTD_H 1
| /* end confdefs.h.  */
| #include <stdio.h>
| #if HAVE_SYS_TYPES_H
| # include <sys/types.h>
| #endif
| #if HAVE_SYS_STAT_H
| # include <sys/stat.h>
| #endif
| #if STDC_HEADERS
| # include <stdlib.h>
| # include <stddef.h>
| #else
| # if HAVE_STDLIB_H
| #  include <stdlib.h>
| # endif
| #endif
| #if HAVE_STRING_H
| # if !STDC_HEADERS && HAVE_MEMORY_H
| #  include <memory.h>
| # endif
| # include <string.h>
| #endif
| #if HAVE_STRINGS_H
| # include <strings.h>
| #endif
| #if HAVE_INTTYPES_H
| # include <inttypes.h>
| #else
| # if HAVE_STDINT_H
| #  include <stdint.h>
| # endif
| #endif
| #if HAVE_UNISTD_H
| # include <unistd.h>
| #endif
| #include <vfork.h>
configure:20280: result: no
configure:20284: checking vfork.h presence
configure:20294: gcc -E  conftest.c
conftest.c:33:19: error: vfork.h: No such file or directory
configure:20300: $? = 1
configure: failed program was:
| /* confdefs.h.  */
| 
| #define PACKAGE_NAME "libgraph"
| #define PACKAGE_TARNAME "libgraph"
| #define PACKAGE_VERSION "1.0.2"
| #define PACKAGE_STRING "libgraph 1.0.2"
| #define PACKAGE_BUGREPORT "faraz_ms@rediffmail.com"
| #define PACKAGE "libgraph"
| #define VERSION "1.0.2"
| #define STDC_HEADERS 1
| #define HAVE_SYS_TYPES_H 1
| #define HAVE_SYS_STAT_H 1
| #define HAVE_STDLIB_H 1
| #define HAVE_STRING_H 1
| #define HAVE_MEMORY_H 1
| #define HAVE_STRINGS_H 1
| #define HAVE_INTTYPES_H 1
| #define HAVE_STDINT_H 1
| #define HAVE_UNISTD_H 1
| #define HAVE_DLFCN_H 1
| #ifdef __cplusplus
| extern "C" void exit (int) throw ();
| #endif
| #define HAVE_LIBM 1
| #define STDC_HEADERS 1
| #define HAVE_FCNTL_H 1
| #define HAVE_STDLIB_H 1
| #define HAVE_STRING_H 1
| #define HAVE_TERMIOS_H 1
| #define HAVE_UNISTD_H 1
| #define HAVE_UNISTD_H 1
| /* end confdefs.h.  */
| #include <vfork.h>
configure:20320: result: no
configure:20355: checking for vfork.h
configure:20362: result: no
configure:20380: checking for fork
configure:20437: gcc -o conftest -g -O2 -I/usr/include/SDL -D_GNU_SOURCE=1 -D_REENTRANT   conftest.c -lm -lSDL_image -L/usr/lib -lSDL  >&5
conftest.c:57: warning: conflicting types for built-in function 'fork'
configure:20443: $? = 0
configure:20446: test -z 			 || test ! -s conftest.err
configure:20449: $? = 0
configure:20452: test -s conftest
configure:20455: $? = 0
configure:20467: result: yes
configure:20380: checking for vfork
configure:20437: gcc -o conftest -g -O2 -I/usr/include/SDL -D_GNU_SOURCE=1 -D_REENTRANT   conftest.c -lm -lSDL_image -L/usr/lib -lSDL  >&5
configure:20443: $? = 0
configure:20446: test -z 			 || test ! -s conftest.err
configure:20449: $? = 0
configure:20452: test -s conftest
configure:20455: $? = 0
configure:20467: result: yes
configure:20478: checking for working fork
configure:20507: gcc -o conftest -g -O2 -I/usr/include/SDL -D_GNU_SOURCE=1 -D_REENTRANT   conftest.c -lm -lSDL_image -L/usr/lib -lSDL  >&5
configure:20510: $? = 0
configure:20512: ./conftest
configure:20515: $? = 0
configure:20529: result: yes
configure:20550: checking for working vfork
configure:20683: result: yes
configure:20719: checking for stdlib.h
configure:20724: result: yes
configure:20863: checking for GNU libc compatible malloc
configure:20892: gcc -o conftest -g -O2 -I/usr/include/SDL -D_GNU_SOURCE=1 -D_REENTRANT   conftest.c -lm -lSDL_image -L/usr/lib -lSDL  >&5
configure:20895: $? = 0
configure:20897: ./conftest
configure:20900: $? = 0
configure:20914: result: yes
configure:20944: checking return type of signal handlers
configure:20975: gcc -c -g -O2 -I/usr/include/SDL -D_GNU_SOURCE=1 -D_REENTRANT  conftest.c >&5
configure:20981: $? = 0
configure:20984: test -z 			 || test ! -s conftest.err
configure:20987: $? = 0
configure:20990: test -s conftest.o
configure:20993: $? = 0
configure:21004: result: void
configure:21016: checking for vprintf
configure:21073: gcc -o conftest -g -O2 -I/usr/include/SDL -D_GNU_SOURCE=1 -D_REENTRANT   conftest.c -lm -lSDL_image -L/usr/lib -lSDL  >&5
conftest.c:64: warning: conflicting types for built-in function 'vprintf'
configure:21079: $? = 0
configure:21082: test -z 			 || test ! -s conftest.err
configure:21085: $? = 0
configure:21088: test -s conftest
configure:21091: $? = 0
configure:21103: result: yes
configure:21110: checking for _doprnt
configure:21167: gcc -o conftest -g -O2 -I/usr/include/SDL -D_GNU_SOURCE=1 -D_REENTRANT   conftest.c -lm -lSDL_image -L/usr/lib -lSDL  >&5
/tmp/ccM1ZdzX.o: In function `main':
/home/prashant/Downloads/libgraph-1.0.2/conftest.c:80: undefined reference to `_doprnt'
/tmp/ccM1ZdzX.o:(.data+0x0): undefined reference to `_doprnt'
collect2: ld returned 1 exit status
configure:21173: $? = 1
configure: failed program was:
| /* confdefs.h.  */
| 
| #define PACKAGE_NAME "libgraph"
| #define PACKAGE_TARNAME "libgraph"
| #define PACKAGE_VERSION "1.0.2"
| #define PACKAGE_STRING "libgraph 1.0.2"
| #define PACKAGE_BUGREPORT "faraz_ms@rediffmail.com"
| #define PACKAGE "libgraph"
| #define VERSION "1.0.2"
| #define STDC_HEADERS 1
| #define HAVE_SYS_TYPES_H 1
| #define HAVE_SYS_STAT_H 1
| #define HAVE_STDLIB_H 1
| #define HAVE_STRING_H 1
| #define HAVE_MEMORY_H 1
| #define HAVE_STRINGS_H 1
| #define HAVE_INTTYPES_H 1
| #define HAVE_STDINT_H 1
| #define HAVE_UNISTD_H 1
| #define HAVE_DLFCN_H 1
| #ifdef __cplusplus
| extern "C" void exit (int) throw ();
| #endif
| #define HAVE_LIBM 1
| #define STDC_HEADERS 1
| #define HAVE_FCNTL_H 1
| #define HAVE_STDLIB_H 1
| #define HAVE_STRING_H 1
| #define HAVE_TERMIOS_H 1
| #define HAVE_UNISTD_H 1
| #define HAVE_UNISTD_H 1
| #define HAVE_FORK 1
| #define HAVE_VFORK 1
| #define HAVE_WORKING_VFORK 1
| #define HAVE_WORKING_FORK 1
| #define HAVE_STDLIB_H 1
| #define HAVE_MALLOC 1
| #define RETSIGTYPE void
| #define HAVE_VPRINTF 1
| /* end confdefs.h.  */
| /* Define _doprnt to an innocuous variant, in case <limits.h> declares _doprnt.
|    For example, HP-UX 11i <limits.h> declares gettimeofday.  */
| #define _doprnt innocuous__doprnt
| 
| /* System header to define __stub macros and hopefully few prototypes,
|     which can conflict with char _doprnt (); below.
|     Prefer <limits.h> to <assert.h> if __STDC__ is defined, since
|     <limits.h> exists even on freestanding compilers.  */
| 
| #ifdef __STDC__
| # include <limits.h>
| #else
| # include <assert.h>
| #endif
| 
| #undef _doprnt
| 
| /* Override any gcc2 internal prototype to avoid an error.  */
| #ifdef __cplusplus
| extern "C"
| {
| #endif
| /* We use char because int might match the return type of a gcc2
|    builtin and then its argument prototype would still apply.  */
| char _doprnt ();
| /* The GNU C library defines this for functions which it implements
|     to always fail with ENOSYS.  Some functions are actually named
|     something starting with __ and the normal name is an alias.  */
| #if defined (__stub__doprnt) || defined (__stub____doprnt)
| choke me
| #else
| char (*f) () = _doprnt;
| #endif
| #ifdef __cplusplus
| }
| #endif
| 
| int
| main ()
| {
| return f != _doprnt;
|   ;
|   return 0;
| }
configure:21197: result: no
configure:21218: checking for atexit
configure:21275: gcc -o conftest -g -O2 -I/usr/include/SDL -D_GNU_SOURCE=1 -D_REENTRANT   conftest.c -lm -lSDL_image -L/usr/lib -lSDL  >&5
configure:21281: $? = 0
configure:21284: test -z 			 || test ! -s conftest.err
configure:21287: $? = 0
configure:21290: test -s conftest
configure:21293: $? = 0
configure:21305: result: yes
configure:21218: checking for putenv
configure:21275: gcc -o conftest -g -O2 -I/usr/include/SDL -D_GNU_SOURCE=1 -D_REENTRANT   conftest.c -lm -lSDL_image -L/usr/lib -lSDL  >&5
configure:21281: $? = 0
configure:21284: test -z 			 || test ! -s conftest.err
configure:21287: $? = 0
configure:21290: test -s conftest
configure:21293: $? = 0
configure:21305: result: yes
configure:21218: checking for rint
configure:21275: gcc -o conftest -g -O2 -I/usr/include/SDL -D_GNU_SOURCE=1 -D_REENTRANT   conftest.c -lm -lSDL_image -L/usr/lib -lSDL  >&5
conftest.c:67: warning: conflicting types for built-in function 'rint'
configure:21281: $? = 0
configure:21284: test -z 			 || test ! -s conftest.err
configure:21287: $? = 0
configure:21290: test -s conftest
configure:21293: $? = 0
configure:21305: result: yes
configure:21218: checking for strdup
configure:21275: gcc -o conftest -g -O2 -I/usr/include/SDL -D_GNU_SOURCE=1 -D_REENTRANT   conftest.c -lm -lSDL_image -L/usr/lib -lSDL  >&5
conftest.c:68: warning: conflicting types for built-in function 'strdup'
configure:21281: $? = 0
configure:21284: test -z 			 || test ! -s conftest.err
configure:21287: $? = 0
configure:21290: test -s conftest
configure:21293: $? = 0
configure:21305: result: yes
configure:21454: creating ./config.status

## ---------------------- ##
## Running config.status. ##
## ---------------------- ##

This file was extended by libgraph config.status 1.0.2, which was
generated by GNU Autoconf 2.59.  Invocation command line was

  CONFIG_FILES    = 
  CONFIG_HEADERS  = 
  CONFIG_LINKS    = 
  CONFIG_COMMANDS = 
  $ ./config.status 

on source-code

config.status:770: creating doc/Makefile
config.status:770: creating doc/man/Makefile
config.status:770: creating Makefile
config.status:836: creating config.h
config.status:982: config.h is unchanged
config.status:1162: executing depfiles commands

## ---------------- ##
## Cache variables. ##
## ---------------- ##

ac_cv_build=i686-pc-linux-gnu
ac_cv_build_alias=i686-pc-linux-gnu
ac_cv_c_compiler_gnu=yes
ac_cv_c_const=yes
ac_cv_cxx_compiler_gnu=yes
ac_cv_env_CC_set=
ac_cv_env_CC_value=
ac_cv_env_CFLAGS_set=
ac_cv_env_CFLAGS_value=
ac_cv_env_CPPFLAGS_set=
ac_cv_env_CPPFLAGS_value=
ac_cv_env_CPP_set=
ac_cv_env_CPP_value=
ac_cv_env_CXXCPP_set=
ac_cv_env_CXXCPP_value=
ac_cv_env_CXXFLAGS_set=
ac_cv_env_CXXFLAGS_value=
ac_cv_env_CXX_set=
ac_cv_env_CXX_value=
ac_cv_env_F77_set=
ac_cv_env_F77_value=
ac_cv_env_FFLAGS_set=
ac_cv_env_FFLAGS_value=
ac_cv_env_LDFLAGS_set=
ac_cv_env_LDFLAGS_value=
ac_cv_env_build_alias_set=
ac_cv_env_build_alias_value=
ac_cv_env_host_alias_set=
ac_cv_env_host_alias_value=
ac_cv_env_target_alias_set=
ac_cv_env_target_alias_value=
ac_cv_exeext=
ac_cv_f77_compiler_gnu=no
ac_cv_func__doprnt=no
ac_cv_func_atexit=yes
ac_cv_func_fork=yes
ac_cv_func_fork_works=yes
ac_cv_func_malloc_0_nonnull=yes
ac_cv_func_putenv=yes
ac_cv_func_rint=yes
ac_cv_func_strdup=yes
ac_cv_func_vfork=yes
ac_cv_func_vfork_works=yes
ac_cv_func_vprintf=yes
ac_cv_header_dlfcn_h=yes
ac_cv_header_fcntl_h=yes
ac_cv_header_inttypes_h=yes
ac_cv_header_memory_h=yes
ac_cv_header_stdc=yes
ac_cv_header_stdint_h=yes
ac_cv_header_stdlib_h=yes
ac_cv_header_string_h=yes
ac_cv_header_strings_h=yes
ac_cv_header_sys_stat_h=yes
ac_cv_header_sys_types_h=yes
ac_cv_header_termios_h=yes
ac_cv_header_unistd_h=yes
ac_cv_header_vfork_h=no
ac_cv_host=i686-pc-linux-gnu
ac_cv_host_alias=i686-pc-linux-gnu
ac_cv_lib_m_rint=yes
ac_cv_objext=o
ac_cv_path_SDL_CONFIG=/usr/bin/sdl-config
ac_cv_path_install='/usr/bin/install -c'
ac_cv_prog_AWK=gawk
ac_cv_prog_CPP='gcc -E'
ac_cv_prog_CXXCPP='g++ -E'
ac_cv_prog_ac_ct_AR=ar
ac_cv_prog_ac_ct_CC=gcc
ac_cv_prog_ac_ct_CXX=g++
ac_cv_prog_ac_ct_RANLIB=ranlib
ac_cv_prog_ac_ct_STRIP=strip
ac_cv_prog_cc_g=yes
ac_cv_prog_cc_stdc=
ac_cv_prog_cxx_g=yes
ac_cv_prog_egrep='grep -E'
ac_cv_prog_f77_g=no
ac_cv_prog_make_make_set=yes
ac_cv_target=i686-pc-linux-gnu
ac_cv_target_alias=i686-pc-linux-gnu
ac_cv_type_pid_t=yes
ac_cv_type_signal=void
am_cv_CC_dependencies_compiler_type=gcc3
am_cv_CXX_dependencies_compiler_type=gcc3
lt_cv_deplibs_check_method=pass_all
lt_cv_file_magic_cmd='$MAGIC_CMD'
lt_cv_file_magic_test_file=
lt_cv_ld_reload_flag=-r
lt_cv_objdir=.libs
lt_cv_path_LD=/usr/bin/ld
lt_cv_path_LDCXX=/usr/bin/ld
lt_cv_path_NM='/usr/bin/nm -B'
lt_cv_path_SED=/bin/sed
lt_cv_prog_compiler_c_o=yes
lt_cv_prog_compiler_c_o_CXX=yes
lt_cv_prog_compiler_rtti_exceptions=no
lt_cv_prog_gnu_ld=yes
lt_cv_prog_gnu_ldcxx=yes
lt_cv_sys_global_symbol_pipe='sed -n -e '\''s/^.*[ 	]\([ABCDGIRSTW][ABCDGIRSTW]*\)[ 	][ 	]*\(\)\([_A-Za-z][_A-Za-z0-9]*\)$/\1 \2\3 \3/p'\'''
lt_cv_sys_global_symbol_to_c_name_address='sed -n -e '\''s/^: \([^ ]*\) $/  {\"\1\", (lt_ptr) 0},/p'\'' -e '\''s/^[BCDEGRST] \([^ ]*\) \([^ ]*\)$/  {"\2", (lt_ptr) \&\2},/p'\'''
lt_cv_sys_global_symbol_to_cdecl='sed -n -e '\''s/^. .* \(.*\)$/extern int \1;/p'\'''
lt_cv_sys_max_cmd_len=32768
lt_lt_cv_prog_compiler_c_o='"yes"'
lt_lt_cv_prog_compiler_c_o_CXX='"yes"'
lt_lt_cv_sys_global_symbol_pipe='"sed -n -e '\''s/^.*[ 	]\\([ABCDGIRSTW][ABCDGIRSTW]*\\)[ 	][ 	]*\\(\\)\\([_A-Za-z][_A-Za-z0-9]*\\)\$/\\1 \\2\\3 \\3/p'\''"'
lt_lt_cv_sys_global_symbol_to_c_name_address='"sed -n -e '\''s/^: \\([^ ]*\\) \$/  {\\\"\\1\\\", (lt_ptr) 0},/p'\'' -e '\''s/^[BCDEGRST] \\([^ ]*\\) \\([^ ]*\\)\$/  {\"\\2\", (lt_ptr) \\&\\2},/p'\''"'
lt_lt_cv_sys_global_symbol_to_cdecl='"sed -n -e '\''s/^. .* \\(.*\\)\$/extern int \\1;/p'\''"'

## ----------------- ##
## Output variables. ##
## ----------------- ##

ACLOCAL='${SHELL} /home/prashant/Downloads/libgraph-1.0.2/missing --run aclocal-1.8'
AMDEPBACKSLASH='\'
AMDEP_FALSE='#'
AMDEP_TRUE=''
AMTAR='${SHELL} /home/prashant/Downloads/libgraph-1.0.2/missing --run tar'
AR='ar'
AUTOCONF='${SHELL} /home/prashant/Downloads/libgraph-1.0.2/missing --run autoconf'
AUTOHEADER='${SHELL} /home/prashant/Downloads/libgraph-1.0.2/missing --run autoheader'
AUTOMAKE='${SHELL} /home/prashant/Downloads/libgraph-1.0.2/missing --run automake-1.8'
AWK='gawk'
CC='gcc'
CCDEPMODE='depmode=gcc3'
CFLAGS='-g -O2 -I/usr/include/SDL -D_GNU_SOURCE=1 -D_REENTRANT'
CPP='gcc -E'
CPPFLAGS=''
CXX='g++'
CXXCPP='g++ -E'
CXXDEPMODE='depmode=gcc3'
CXXFLAGS='-g -O2 -I/usr/include/SDL -D_GNU_SOURCE=1 -D_REENTRANT'
CYGPATH_W='echo'
DEFS='-DHAVE_CONFIG_H'
DEPDIR='.deps'
ECHO='echo'
ECHO_C=''
ECHO_N='-n'
ECHO_T=''
EGREP='grep -E'
EXEEXT=''
F77=''
FFLAGS=''
GUILE_CFLAGS='  -pthread'
GUILE_DATADIR='/usr/share/guile'
GUILE_FALSE='#'
GUILE_LDFLAGS=' -pthread  -lguile -lltdl -Wl,-Bsymbolic-functions -lgmp -lcrypt -lm -lltdl'
GUILE_TRUE=''
INSTALL_DATA='${INSTALL} -m 644'
INSTALL_PROGRAM='${INSTALL}'
INSTALL_SCRIPT='${INSTALL}'
INSTALL_STRIP_PROGRAM='${SHELL} $(install_sh) -c -s'
LDFLAGS=''
LIBOBJS=''
LIBS='-lm -lSDL_image -L/usr/lib -lSDL '
LIBTOOL='$(SHELL) $(top_builddir)/libtool'
LN_S='ln -s'
LTLIBOBJS=''
MAINT='#'
MAINTAINER_MODE_FALSE=''
MAINTAINER_MODE_TRUE='#'
MAKEINFO='${SHELL} /home/prashant/Downloads/libgraph-1.0.2/missing --run makeinfo'
OBJEXT='o'
PACKAGE='libgraph'
PACKAGE_BUGREPORT='faraz_ms@rediffmail.com'
PACKAGE_NAME='libgraph'
PACKAGE_STRING='libgraph 1.0.2'
PACKAGE_TARNAME='libgraph'
PACKAGE_VERSION='1.0.2'
PATH_SEPARATOR=':'
PKGCONFIG_FALSE='#'
PKGCONFIG_TRUE=''
RANLIB='ranlib'
SDL_CFLAGS='-I/usr/include/SDL -D_GNU_SOURCE=1 -D_REENTRANT'
SDL_CONFIG='/usr/bin/sdl-config'
SDL_LIBS='-L/usr/lib -lSDL'
SET_MAKE=''
SHELL='/bin/bash'
STRIP='strip'
VERSION='1.0.2'
ac_ct_AR='ar'
ac_ct_CC='gcc'
ac_ct_CXX='g++'
ac_ct_F77=''
ac_ct_RANLIB='ranlib'
ac_ct_STRIP='strip'
am__fastdepCC_FALSE='#'
am__fastdepCC_TRUE=''
am__fastdepCXX_FALSE='#'
am__fastdepCXX_TRUE=''
am__include='include'
am__leading_dot='.'
am__quote=''
bindir='${exec_prefix}/bin'
build='i686-pc-linux-gnu'
build_alias=''
build_cpu='i686'
build_os='linux-gnu'
build_vendor='pc'
datadir='${prefix}/share'
exec_prefix='${prefix}'
host='i686-pc-linux-gnu'
host_alias=''
host_cpu='i686'
host_os='linux-gnu'
host_vendor='pc'
includedir='${prefix}/include'
infodir='${prefix}/info'
install_sh='/home/prashant/Downloads/libgraph-1.0.2/install-sh'
libdir='${exec_prefix}/lib'
libexecdir='${exec_prefix}/libexec'
localstatedir='${prefix}/var'
mandir='${prefix}/man'
mkdir_p='mkdir -p -- .'
oldincludedir='/usr/include'
prefix='/usr/local'
program_transform_name='s,x,x,'
sbindir='${exec_prefix}/sbin'
sharedstatedir='${prefix}/com'
sysconfdir='${prefix}/etc'
target='i686-pc-linux-gnu'
target_alias=''
target_cpu='i686'
target_os='linux-gnu'
target_vendor='pc'

## ----------- ##
## confdefs.h. ##
## ----------- ##

#define HAVE_ATEXIT 1
#define HAVE_DLFCN_H 1
#define HAVE_FCNTL_H 1
#define HAVE_FORK 1
#define HAVE_INTTYPES_H 1
#define HAVE_LIBM 1
#define HAVE_MALLOC 1
#define HAVE_MEMORY_H 1
#define HAVE_PUTENV 1
#define HAVE_RINT 1
#define HAVE_STDINT_H 1
#define HAVE_STDLIB_H 1
#define HAVE_STDLIB_H 1
#define HAVE_STDLIB_H 1
#define HAVE_STRDUP 1
#define HAVE_STRINGS_H 1
#define HAVE_STRING_H 1
#define HAVE_STRING_H 1
#define HAVE_SYS_STAT_H 1
#define HAVE_SYS_TYPES_H 1
#define HAVE_TERMIOS_H 1
#define HAVE_UNISTD_H 1
#define HAVE_UNISTD_H 1
#define HAVE_UNISTD_H 1
#define HAVE_VFORK 1
#define HAVE_VPRINTF 1
#define HAVE_WORKING_FORK 1
#define HAVE_WORKING_VFORK 1
#define PACKAGE "libgraph"
#define PACKAGE_BUGREPORT "faraz_ms@rediffmail.com"
#define PACKAGE_NAME "libgraph"
#define PACKAGE_STRING "libgraph 1.0.2"
#define PACKAGE_TARNAME "libgraph"
#define PACKAGE_VERSION "1.0.2"
#define RETSIGTYPE void
#define STDC_HEADERS 1
#define STDC_HEADERS 1
#define VERSION "1.0.2"
#endif
#ifdef __cplusplus
extern "C" void exit (int) throw ();

configure: exit 0

## ---------------------- ##
## Running config.status. ##
## ---------------------- ##

This file was extended by libgraph config.status 1.0.2, which was
generated by GNU Autoconf 2.59.  Invocation command line was

  CONFIG_FILES    = 
  CONFIG_HEADERS  = 
  CONFIG_LINKS    = 
  CONFIG_COMMANDS = 
  $ ./config.status 

on Source-code

config.status:770: creating doc/Makefile
config.status:770: creating doc/man/Makefile
config.status:770: creating Makefile
config.status:836: creating config.h
config.status:982: config.h is unchanged
config.status:1162: executing depfiles commands
